Building DAG of jobs...
Using shell: /usr/bin/bash
Provided cores: 1
Rules claiming more threads will be scaled down.
Job counts:
	count	jobs
	1	call
	3	map_reads
	3	sort
	7

[Fri Jun 19 10:13:23 2020]
rule map_reads:
    input: data/genome.fa, data/samples/C.fastq
    output: mapped/C.bam
    jobid: 4
    wildcards: sample=C

Activating conda environment: /home/kbobowik/snakemake-tutorial/.snakemake/conda/1e5f4063
[Fri Jun 19 10:13:25 2020]
Finished job 4.
1 of 7 steps (14%) done

[Fri Jun 19 10:13:25 2020]
rule map_reads:
    input: data/genome.fa, data/samples/B.fastq
    output: mapped/B.bam
    jobid: 5
    wildcards: sample=B

Activating conda environment: /home/kbobowik/snakemake-tutorial/.snakemake/conda/1e5f4063
[Fri Jun 19 10:13:26 2020]
Finished job 5.
2 of 7 steps (29%) done

[Fri Jun 19 10:13:26 2020]
rule map_reads:
    input: data/genome.fa, data/samples/A.fastq
    output: mapped/A.bam
    jobid: 6
    wildcards: sample=A

Activating conda environment: /home/kbobowik/snakemake-tutorial/.snakemake/conda/1e5f4063
[Fri Jun 19 10:13:28 2020]
Finished job 6.
3 of 7 steps (43%) done

[Fri Jun 19 10:13:28 2020]
rule sort:
    input: mapped/C.bam
    output: mapped/C.sorted.bam
    jobid: 1
    wildcards: sample=C

Activating conda environment: /home/kbobowik/snakemake-tutorial/.snakemake/conda/1e5f4063
[Fri Jun 19 10:13:28 2020]
Finished job 1.
4 of 7 steps (57%) done

[Fri Jun 19 10:13:28 2020]
rule sort:
    input: mapped/B.bam
    output: mapped/B.sorted.bam
    jobid: 2
    wildcards: sample=B

Activating conda environment: /home/kbobowik/snakemake-tutorial/.snakemake/conda/1e5f4063
[Fri Jun 19 10:13:29 2020]
Finished job 2.
5 of 7 steps (71%) done

[Fri Jun 19 10:13:29 2020]
rule sort:
    input: mapped/A.bam
    output: mapped/A.sorted.bam
    jobid: 3
    wildcards: sample=A

Activating conda environment: /home/kbobowik/snakemake-tutorial/.snakemake/conda/1e5f4063
[Fri Jun 19 10:13:30 2020]
Finished job 3.
6 of 7 steps (86%) done

[Fri Jun 19 10:13:30 2020]
rule call:
    input: data/genome.fa, mapped/A.sorted.bam, mapped/B.sorted.bam, mapped/C.sorted.bam
    output: calls/all.vcf
    jobid: 0

Activating conda environment: /home/kbobowik/snakemake-tutorial/.snakemake/conda/e306fa79
[Fri Jun 19 10:13:30 2020]
Finished job 0.
7 of 7 steps (100%) done
Complete log: /home/kbobowik/snakemake-tutorial/.snakemake/log/2020-06-19T101323.327428.snakemake.log
