Building DAG of jobs...
Using shell: /usr/bin/bash
Provided cores: 1
Rules claiming more threads will be scaled down.
Job counts:
	count	jobs
	1	map_reads
	1	sort
	2

[Fri Jun 19 10:06:49 2020]
rule map_reads:
    input: data/genome.fa, data/samples/C.fastq
    output: mapped/C.bam
    jobid: 1
    wildcards: sample=C

Activating conda environment: /home/kbobowik/snakemake-tutorial/.snakemake/conda/1e5f4063
[Fri Jun 19 10:06:50 2020]
Finished job 1.
1 of 2 steps (50%) done

[Fri Jun 19 10:06:50 2020]
rule sort:
    input: mapped/C.bam
    output: mapped/C.sorted.bam
    jobid: 0
    wildcards: sample=C

Activating conda environment: /home/kbobowik/snakemake-tutorial/.snakemake/conda/1e5f4063
[Fri Jun 19 10:06:51 2020]
Finished job 0.
2 of 2 steps (100%) done
Complete log: /home/kbobowik/snakemake-tutorial/.snakemake/log/2020-06-19T100648.946911.snakemake.log
