Building DAG of jobs...
Using shell: /usr/bin/bash
Provided cores: 1
Rules claiming more threads will be scaled down.
Job counts:
	count	jobs
	1	all
	1	plot_qual
	2

[Fri Jun 19 10:18:18 2020]
rule plot_qual:
    input: calls/all.vcf
    output: plots/quals.svg
    jobid: 1

Activating conda environment: /home/kbobowik/snakemake-tutorial/.snakemake/conda/8e9deb74
[Fri Jun 19 10:18:22 2020]
Finished job 1.
1 of 2 steps (50%) done

[Fri Jun 19 10:18:22 2020]
localrule all:
    input: calls/all.vcf, plots/quals.svg
    jobid: 0

[Fri Jun 19 10:18:22 2020]
Finished job 0.
2 of 2 steps (100%) done
Complete log: /home/kbobowik/snakemake-tutorial/.snakemake/log/2020-06-19T101817.776944.snakemake.log
